<?xml version="1.0" encoding="UTF-8"?>
<testsuite name="com.team.teamreadioserver.TeamReadioServerApplicationTests" tests="1" skipped="0" failures="0" errors="0" timestamp="2025-05-21T05:51:20.248Z" hostname="이상인의갤북" time="0.697">
  <properties/>
  <testcase name="contextLoads2()" classname="com.team.teamreadioserver.TeamReadioServerApplicationTests" time="0.697"/>
  <system-out><![CDATA[14:51:15.520 [Test worker] INFO org.springframework.test.context.support.AnnotationConfigContextLoaderUtils -- Could not detect default configuration classes for test class [com.team.teamreadioserver.TeamReadioServerApplicationTests]: TeamReadioServerApplicationTests does not declare any static, non-private, non-final, nested classes annotated with @Configuration.
14:51:15.618 [Test worker] INFO org.springframework.boot.test.context.SpringBootTestContextBootstrapper -- Found @SpringBootConfiguration com.team.teamreadioserver.TeamReadioServerApplication for test class com.team.teamreadioserver.TeamReadioServerApplicationTests

  .   ____          _            __ _ _
 /\\ / ___'_ __ _ _(_)_ __  __ _ \ \ \ \
( ( )\___ | '_ | '_| | '_ \/ _` | \ \ \ \
 \\/  ___)| |_)| | | | | || (_| |  ) ) ) )
  '  |____| .__|_| |_|_| |_\__, | / / / /
 =========|_|==============|___/=/_/_/_/

 :: Spring Boot ::                (v3.4.5)

2025-05-21T14:51:16.023+09:00  INFO 10204 --- [    Test worker] c.t.t.TeamReadioServerApplicationTests   : Starting TeamReadioServerApplicationTests using Java 17.0.14 with PID 10204 (started by User in C:\Users\User\Desktop\project\readioBackServer2)
2025-05-21T14:51:16.024+09:00  INFO 10204 --- [    Test worker] c.t.t.TeamReadioServerApplicationTests   : No active profile set, falling back to 1 default profile: "default"
2025-05-21T14:51:16.525+09:00  INFO 10204 --- [    Test worker] .s.d.r.c.RepositoryConfigurationDelegate : Bootstrapping Spring Data JPA repositories in DEFAULT mode.
2025-05-21T14:51:16.581+09:00  INFO 10204 --- [    Test worker] .s.d.r.c.RepositoryConfigurationDelegate : Finished Spring Data repository scanning in 45 ms. Found 3 JPA repository interfaces.
2025-05-21T14:51:17.237+09:00  INFO 10204 --- [    Test worker] com.zaxxer.hikari.HikariDataSource       : HikariPool-1 - Starting...
2025-05-21T14:51:17.642+09:00  INFO 10204 --- [    Test worker] com.zaxxer.hikari.pool.HikariPool        : HikariPool-1 - Added connection com.mysql.cj.jdbc.ConnectionImpl@12e2c93
2025-05-21T14:51:17.646+09:00  INFO 10204 --- [    Test worker] com.zaxxer.hikari.HikariDataSource       : HikariPool-1 - Start completed.
2025-05-21T14:51:17.707+09:00  INFO 10204 --- [    Test worker] o.hibernate.jpa.internal.util.LogHelper  : HHH000204: Processing PersistenceUnitInfo [name: default]
2025-05-21T14:51:17.760+09:00  INFO 10204 --- [    Test worker] org.hibernate.Version                    : HHH000412: Hibernate ORM core version 6.6.13.Final
2025-05-21T14:51:17.800+09:00  INFO 10204 --- [    Test worker] o.h.c.internal.RegionFactoryInitiator    : HHH000026: Second-level cache disabled
2025-05-21T14:51:18.094+09:00  INFO 10204 --- [    Test worker] o.s.o.j.p.SpringPersistenceUnitInfo      : No LoadTimeWeaver setup: ignoring JPA class transformer
2025-05-21T14:51:18.206+09:00  WARN 10204 --- [    Test worker] org.hibernate.orm.deprecation            : HHH90000025: MySQLDialect does not need to be specified explicitly using 'hibernate.dialect' (remove the property setting and it will be selected by default)
2025-05-21T14:51:18.219+09:00  INFO 10204 --- [    Test worker] org.hibernate.orm.connections.pooling    : HHH10001005: Database info:
	Database JDBC URL [Connecting through datasource 'HikariDataSource (HikariPool-1)']
	Database driver: undefined/unknown
	Database version: 8.0.42
	Autocommit mode: undefined/unknown
	Isolation level: undefined/unknown
	Minimum pool size: undefined/unknown
	Maximum pool size: undefined/unknown
2025-05-21T14:51:19.116+09:00  INFO 10204 --- [    Test worker] o.h.e.t.j.p.i.JtaPlatformInitiator       : HHH000489: No JTA platform available (set 'hibernate.transaction.jta.platform' to enable JTA platform integration)
2025-05-21T14:51:19.120+09:00  INFO 10204 --- [    Test worker] j.LocalContainerEntityManagerFactoryBean : Initialized JPA EntityManagerFactory for persistence unit 'default'
2025-05-21T14:51:19.594+09:00  WARN 10204 --- [    Test worker] JpaBaseConfiguration$JpaWebConfiguration : spring.jpa.open-in-view is enabled by default. Therefore, database queries may be performed during view rendering. Explicitly configure spring.jpa.open-in-view to disable this warning
2025-05-21T14:51:19.648+09:00  INFO 10204 --- [    Test worker] o.s.v.b.OptionalValidatorFactoryBean     : Failed to set up a Bean Validation provider: jakarta.validation.NoProviderFoundException: Unable to create a Configuration, because no Jakarta Bean Validation provider could be found. Add a provider like Hibernate Validator (RI) to your classpath.
2025-05-21T14:51:20.047+09:00  WARN 10204 --- [    Test worker] .s.s.UserDetailsServiceAutoConfiguration : 

Using generated security password: dac0d718-cf4f-4854-9280-1d02b517608f

This generated password is for development use only. Your security configuration must be updated before running your application in production.

2025-05-21T14:51:20.065+09:00  INFO 10204 --- [    Test worker] r$InitializeUserDetailsManagerConfigurer : Global AuthenticationManager configured with UserDetailsService bean with name inMemoryUserDetailsManager
2025-05-21T14:51:20.233+09:00  INFO 10204 --- [    Test worker] c.t.t.TeamReadioServerApplicationTests   : Started TeamReadioServerApplicationTests in 4.465 seconds (process running for 5.424)
2025-05-21T14:51:20.773+09:00 DEBUG 10204 --- [    Test worker] org.hibernate.SQL                        : 
    ?[34mselect?[0m
        p1_0.post_id,
        p1_0.book_isbn,
        p1_0.post_content,
        p1_0.post_create_at,
        p1_0.is_hidden,
        p1_0.reported_count,
        p1_0.post_title,
        p1_0.profile_id 
    ?[34mfrom?[0m
        post p1_0 
    ?[34mwhere?[0m
        p1_0.post_id=?
2025-05-21T14:51:20.786+09:00 TRACE 10204 --- [    Test worker] org.hibernate.orm.jdbc.bind              : binding parameter (1:INTEGER) <- [2]
2025-05-21T14:51:20.867+09:00 DEBUG 10204 --- [    Test worker] org.hibernate.SQL                        : 
    /* ?[34mupdate?[0m
        ?[34mfor?[0m com.team.teamreadioserver.post.entity.Post */?[34mupdate?[0m post 
    ?[34mset?[0m
        book_isbn=?,
        post_content=?,
        post_create_at=?,
        is_hidden=?,
        reported_count=?,
        post_title=?,
        profile_id=? 
    ?[34mwhere?[0m
        post_id=?
2025-05-21T14:51:20.870+09:00 TRACE 10204 --- [    Test worker] org.hibernate.orm.jdbc.bind              : binding parameter (1:VARCHAR) <- [002]
2025-05-21T14:51:20.871+09:00 TRACE 10204 --- [    Test worker] org.hibernate.orm.jdbc.bind              : binding parameter (2:VARCHAR) <- [test1]
2025-05-21T14:51:20.871+09:00 TRACE 10204 --- [    Test worker] org.hibernate.orm.jdbc.bind              : binding parameter (3:TIMESTAMP) <- [2025-05-21 00:00:00.0]
2025-05-21T14:51:20.871+09:00 TRACE 10204 --- [    Test worker] org.hibernate.orm.jdbc.bind              : binding parameter (4:VARCHAR) <- []
2025-05-21T14:51:20.871+09:00 TRACE 10204 --- [    Test worker] org.hibernate.orm.jdbc.bind              : binding parameter (5:INTEGER) <- [0]
2025-05-21T14:51:20.871+09:00 TRACE 10204 --- [    Test worker] org.hibernate.orm.jdbc.bind              : binding parameter (6:VARCHAR) <- [test1]
2025-05-21T14:51:20.872+09:00 TRACE 10204 --- [    Test worker] org.hibernate.orm.jdbc.bind              : binding parameter (7:INTEGER) <- [1]
2025-05-21T14:51:20.872+09:00 TRACE 10204 --- [    Test worker] org.hibernate.orm.jdbc.bind              : binding parameter (8:INTEGER) <- [2]
]]></system-out>
  <system-err><![CDATA[]]></system-err>
</testsuite>
